<!DOCTYPE html>
<html>
<head>
<meta http-equiv="Content-Type" content="text/html; charset=utf-8"/>
<meta http-equiv="x-ua-compatible" content="IE=edge"/>
<title>Test results - Class com.newrelic.agent.utilization.DockerDataTest</title>
<link href="../css/base-style.css" rel="stylesheet" type="text/css"/>
<link href="../css/style.css" rel="stylesheet" type="text/css"/>
<script src="../js/report.js" type="text/javascript"></script>
</head>
<body>
<div id="content">
<h1>Class com.newrelic.agent.utilization.DockerDataTest</h1>
<div class="breadcrumbs">
<a href="../index.html">all</a> &gt; 
<a href="../packages/com.newrelic.agent.utilization.html">com.newrelic.agent.utilization</a> &gt; DockerDataTest</div>
<div id="summary">
<table>
<tr>
<td>
<div class="summaryGroup">
<table>
<tr>
<td>
<div class="infoBox" id="tests">
<div class="counter">15</div>
<p>tests</p>
</div>
</td>
<td>
<div class="infoBox" id="failures">
<div class="counter">0</div>
<p>failures</p>
</div>
</td>
<td>
<div class="infoBox" id="ignored">
<div class="counter">0</div>
<p>ignored</p>
</div>
</td>
<td>
<div class="infoBox" id="duration">
<div class="counter">18.887s</div>
<p>duration</p>
</div>
</td>
</tr>
</table>
</div>
</td>
<td>
<div class="infoBox success" id="successRate">
<div class="percent">100%</div>
<p>successful</p>
</div>
</td>
</tr>
</table>
</div>
<div id="tabs">
<ul class="tabLinks">
<li>
<a href="#tab0">Tests</a>
</li>
<li>
<a href="#tab1">Standard output</a>
</li>
</ul>
<div id="tab0" class="tab">
<h2>Tests</h2>
<table>
<thead>
<tr>
<th>Test</th>
<th>Duration</th>
<th>Result</th>
</tr>
</thead>
<tr>
<td class="success">testCheckLineAndGetIdInValidV1</td>
<td class="success">0s</td>
<td class="success">passed</td>
</tr>
<tr>
<td class="success">testCheckLineAndGetIdInValidV2</td>
<td class="success">0s</td>
<td class="success">passed</td>
</tr>
<tr>
<td class="success">testCheckLineAndGetIdValidV1</td>
<td class="success">0.011s</td>
<td class="success">passed</td>
</tr>
<tr>
<td class="success">testCheckLineAndGetIdValidV2</td>
<td class="success">0s</td>
<td class="success">passed</td>
</tr>
<tr>
<td class="success">testDockerError</td>
<td class="success">0.254s</td>
<td class="success">passed</td>
</tr>
<tr>
<td class="success">testDockerGCPError</td>
<td class="success">0.214s</td>
<td class="success">passed</td>
</tr>
<tr>
<td class="success">testGetDockerIdFromFilesV1</td>
<td class="success">2.726s</td>
<td class="success">passed</td>
</tr>
<tr>
<td class="success">testGetDockerIdFromFilesV2</td>
<td class="success">0.009s</td>
<td class="success">passed</td>
</tr>
<tr>
<td class="success">testGetDockerIdNotLinux</td>
<td class="success">0.003s</td>
<td class="success">passed</td>
</tr>
<tr>
<td class="success">testInvalidDockerValue</td>
<td class="success">0.001s</td>
<td class="success">passed</td>
</tr>
<tr>
<td class="success">testInvalidDockerValueCharacters</td>
<td class="success">0.015s</td>
<td class="success">passed</td>
</tr>
<tr>
<td class="success">testInvalidDockerValueLength</td>
<td class="success">0.001s</td>
<td class="success">passed</td>
</tr>
<tr>
<td class="success">testInvalidDockerValueNull</td>
<td class="success">0s</td>
<td class="success">passed</td>
</tr>
<tr>
<td class="success">testNoDockerError</td>
<td class="success">15.652s</td>
<td class="success">passed</td>
</tr>
<tr>
<td class="success">testValidDockerValue</td>
<td class="success">0.001s</td>
<td class="success">passed</td>
</tr>
</table>
</div>
<div id="tab1" class="tab">
<h2>Standard output</h2>
<span class="code">
<pre>Current test file: /home/runner/work/newrelic-java-agent/newrelic-java-agent/newrelic-agent/build/resources/test/com/newrelic/agent/cross_agent_tests/docker_container_id/ubuntu-14.10-no-container.txt
Current test file: /home/runner/work/newrelic-java-agent/newrelic-java-agent/newrelic-agent/build/resources/test/com/newrelic/agent/cross_agent_tests/docker_container_id/invalid-characters.txt
Current test file: /home/runner/work/newrelic-java-agent/newrelic-java-agent/newrelic-agent/build/resources/test/com/newrelic/agent/cross_agent_tests/docker_container_id/docker-1.0.0.txt
Current test file: /home/runner/work/newrelic-java-agent/newrelic-java-agent/newrelic-agent/build/resources/test/com/newrelic/agent/cross_agent_tests/docker_container_id/no_cpu_subsystem.txt
Current test file: /home/runner/work/newrelic-java-agent/newrelic-java-agent/newrelic-agent/build/resources/test/com/newrelic/agent/cross_agent_tests/docker_container_id/docker-1.3.txt
Current test file: /home/runner/work/newrelic-java-agent/newrelic-java-agent/newrelic-agent/build/resources/test/com/newrelic/agent/cross_agent_tests/docker_container_id/empty.txt
Current test file: /home/runner/work/newrelic-java-agent/newrelic-java-agent/newrelic-agent/build/resources/test/com/newrelic/agent/cross_agent_tests/docker_container_id/docker-1.1.2-lxc-driver.txt
Current test file: /home/runner/work/newrelic-java-agent/newrelic-java-agent/newrelic-agent/build/resources/test/com/newrelic/agent/cross_agent_tests/docker_container_id/docker-gcp.txt
Current test file: /home/runner/work/newrelic-java-agent/newrelic-java-agent/newrelic-agent/build/resources/test/com/newrelic/agent/cross_agent_tests/docker_container_id/docker-custom-prefix.txt
Current test file: /home/runner/work/newrelic-java-agent/newrelic-java-agent/newrelic-agent/build/resources/test/com/newrelic/agent/cross_agent_tests/docker_container_id/docker-0.9.1.txt
Current test file: /home/runner/work/newrelic-java-agent/newrelic-java-agent/newrelic-agent/build/resources/test/com/newrelic/agent/cross_agent_tests/docker_container_id/docker-1.1.2-native-driver-systemd.txt
Current test file: /home/runner/work/newrelic-java-agent/newrelic-java-agent/newrelic-agent/build/resources/test/com/newrelic/agent/cross_agent_tests/docker_container_id/heroku.txt
Current test file: /home/runner/work/newrelic-java-agent/newrelic-java-agent/newrelic-agent/build/resources/test/com/newrelic/agent/cross_agent_tests/docker_container_id/docker-1.1.2-native-driver-fs.txt
Current test file: /home/runner/work/newrelic-java-agent/newrelic-java-agent/newrelic-agent/build/resources/test/com/newrelic/agent/cross_agent_tests/docker_container_id/ubuntu-14.04-lxc-container.txt
Current test file: /home/runner/work/newrelic-java-agent/newrelic-java-agent/newrelic-agent/build/resources/test/com/newrelic/agent/cross_agent_tests/docker_container_id/invalid-length.txt
Current test file: /home/runner/work/newrelic-java-agent/newrelic-java-agent/newrelic-agent/build/resources/test/com/newrelic/agent/cross_agent_tests/docker_container_id/docker-too-long.txt
2023-11-27T18:05:03,301+0000 [69289 1] com.newrelic WARN: Failed to validate Docker value 3ccfa00432798ff38f85839de1e396f771b4acbe9f4ddea0a761c39b9790a7821
Current test file: /home/runner/work/newrelic-java-agent/newrelic-java-agent/newrelic-agent/build/resources/test/com/newrelic/agent/cross_agent_tests/docker_container_id/ubuntu-14.04-no-container.txt
Current test file: /home/runner/work/newrelic-java-agent/newrelic-java-agent/newrelic-agent/build/resources/test/com/newrelic/agent/uncross_agent_tests/cgroup_v2_docker_container_id/docker_id_invalid_characters.txt
Current test file: /home/runner/work/newrelic-java-agent/newrelic-java-agent/newrelic-agent/build/resources/test/com/newrelic/agent/uncross_agent_tests/cgroup_v2_docker_container_id/docker_linux2.6.26_v1_enabled.txt
Current test file: /home/runner/work/newrelic-java-agent/newrelic-java-agent/newrelic-agent/build/resources/test/com/newrelic/agent/uncross_agent_tests/cgroup_v2_docker_container_id/empty.txt
Current test file: /home/runner/work/newrelic-java-agent/newrelic-java-agent/newrelic-agent/build/resources/test/com/newrelic/agent/uncross_agent_tests/cgroup_v2_docker_container_id/docker_id_too_short.txt
Current test file: /home/runner/work/newrelic-java-agent/newrelic-java-agent/newrelic-agent/build/resources/test/com/newrelic/agent/uncross_agent_tests/cgroup_v2_docker_container_id/linux_prefix.txt
Current test file: /home/runner/work/newrelic-java-agent/newrelic-java-agent/newrelic-agent/build/resources/test/com/newrelic/agent/uncross_agent_tests/cgroup_v2_docker_container_id/cgroup_v2_expected.txt
Current test file: /home/runner/work/newrelic-java-agent/newrelic-java-agent/newrelic-agent/build/resources/test/com/newrelic/agent/uncross_agent_tests/cgroup_v2_docker_container_id/docker_id_too_long.txt
2023-11-27T18:05:03,361+0000 [69289 1] com.newrelic WARN: Failed to validate Docker value f37a7e4d17017e7bf994656b19ca4360c6cdc4951c86700a464101d0d9ce97ef6
2023-11-27T18:05:10,780+0000 [69289 1] com.newrelic INFO: Using configured collector host: nope.example.invalid
2023-11-27T18:05:10,785+0000 [69289 1] com.newrelic INFO: Using default metric ingest URI: https://metric-api.newrelic.com/metric/v1
2023-11-27T18:05:10,789+0000 [69289 1] com.newrelic INFO: Using default event ingest URI: https://insights-collector.newrelic.com/v1/accounts/events
2023-11-27T18:05:12,202+0000 [69289 1] com.newrelic.agent.extension.ExtensionService ERROR: Unable to read extensions from the agent jar : java.io.FileNotFoundException: /home/runner/work/newrelic-java-agent/newrelic-java-agent/newrelic-agent/build/classes/java/main (Is a directory)
2023-11-27T18:05:12,343+0000 [69289 1] com.newrelic INFO: Instrumenting exception handler signature test.newrelic.test.agent.ExceptionHandlerTest$ExceptionHandler.handleException2(Ljava/lang/String;Ljava/lang/Throwable;)V
2023-11-27T18:05:12,572+0000 [69289 1] com.newrelic ERROR: No instrumentation packages were found in the agent.
2023-11-27T18:05:13,039+0000 [69289 1] com.newrelic.agent.RPMServiceManagerImpl INFO: Configured to connect to New Relic at nope.example.invalid:80
2023-11-27T18:05:13,811+0000 [69289 1] com.newrelic INFO: Setting audit_mode to false
2023-11-27T18:05:14,601+0000 [69289 1] com.newrelic.agent.config.ConfigServiceImpl INFO: Configuration file is /home/runner/work/newrelic-java-agent/newrelic-java-agent/newrelic-agent/src/test/resources/com/newrelic/agent/config/newrelic.yml
2023-11-27T18:05:14,605+0000 [69289 1] com.newrelic.agent.config.ConfigServiceImpl WARN: The apdex_t setting is obsolete and is ignored! Set the apdex_t value for an application in New Relic UI
2023-11-27T18:05:14,652+0000 [69289 1] com.newrelic INFO: Using configured collector host: no-collector.example.com
2023-11-27T18:05:14,660+0000 [69289 1] com.newrelic INFO: Using default metric ingest URI: https://metric-api.newrelic.com/metric/v1
2023-11-27T18:05:14,661+0000 [69289 1] com.newrelic INFO: Using default event ingest URI: https://insights-collector.newrelic.com/v1/accounts/events
2023-11-27T18:05:15,627+0000 [69289 23] com.newrelic.agent.samplers.SamplerServiceImpl WARN: Unable to sample com.newrelic.agent.samplers.SamplerServiceImpl$1: java.lang.NullPointerException
2023-11-27T18:05:19,077+0000 [69289 1] com.newrelic INFO: Using configured collector host: nope.example.invalid
2023-11-27T18:05:19,077+0000 [69289 1] com.newrelic INFO: Using default metric ingest URI: https://metric-api.newrelic.com/metric/v1
2023-11-27T18:05:19,077+0000 [69289 1] com.newrelic INFO: Using default event ingest URI: https://insights-collector.newrelic.com/v1/accounts/events
2023-11-27T18:05:19,127+0000 [69289 1] com.newrelic.agent.extension.ExtensionService ERROR: Unable to read extensions from the agent jar : java.io.FileNotFoundException: /home/runner/work/newrelic-java-agent/newrelic-java-agent/newrelic-agent/build/classes/java/main (Is a directory)
2023-11-27T18:05:19,132+0000 [69289 1] com.newrelic INFO: Instrumenting exception handler signature test.newrelic.test.agent.ExceptionHandlerTest$ExceptionHandler.handleException2(Ljava/lang/String;Ljava/lang/Throwable;)V
2023-11-27T18:05:19,139+0000 [69289 1] com.newrelic ERROR: No instrumentation packages were found in the agent.
2023-11-27T18:05:19,176+0000 [69289 1] com.newrelic.agent.RPMServiceManagerImpl INFO: Configured to connect to New Relic at nope.example.invalid:80
2023-11-27T18:05:19,178+0000 [69289 1] com.newrelic INFO: Setting audit_mode to false
2023-11-27T18:05:19,211+0000 [69289 1] com.newrelic.agent.config.ConfigServiceImpl INFO: Configuration file is /home/runner/work/newrelic-java-agent/newrelic-java-agent/newrelic-agent/src/test/resources/com/newrelic/agent/config/newrelic.yml
2023-11-27T18:05:19,211+0000 [69289 1] com.newrelic.agent.config.ConfigServiceImpl WARN: The apdex_t setting is obsolete and is ignored! Set the apdex_t value for an application in New Relic UI
2023-11-27T18:05:19,220+0000 [69289 1] com.newrelic INFO: Using configured collector host: no-collector.example.com
2023-11-27T18:05:19,220+0000 [69289 1] com.newrelic INFO: Using default metric ingest URI: https://metric-api.newrelic.com/metric/v1
2023-11-27T18:05:19,220+0000 [69289 1] com.newrelic INFO: Using default event ingest URI: https://insights-collector.newrelic.com/v1/accounts/events
2023-11-27T18:05:19,288+0000 [69289 1] com.newrelic INFO: Using configured collector host: nope.example.invalid
2023-11-27T18:05:19,288+0000 [69289 1] com.newrelic INFO: Using default metric ingest URI: https://metric-api.newrelic.com/metric/v1
2023-11-27T18:05:19,288+0000 [69289 1] com.newrelic INFO: Using default event ingest URI: https://insights-collector.newrelic.com/v1/accounts/events
2023-11-27T18:05:19,333+0000 [69289 1] com.newrelic.agent.extension.ExtensionService ERROR: Unable to read extensions from the agent jar : java.io.FileNotFoundException: /home/runner/work/newrelic-java-agent/newrelic-java-agent/newrelic-agent/build/classes/java/main (Is a directory)
2023-11-27T18:05:19,348+0000 [69289 1] com.newrelic INFO: Instrumenting exception handler signature test.newrelic.test.agent.ExceptionHandlerTest$ExceptionHandler.handleException2(Ljava/lang/String;Ljava/lang/Throwable;)V
2023-11-27T18:05:19,355+0000 [69289 1] com.newrelic ERROR: No instrumentation packages were found in the agent.
2023-11-27T18:05:19,411+0000 [69289 1] com.newrelic.agent.RPMServiceManagerImpl INFO: Configured to connect to New Relic at nope.example.invalid:80
2023-11-27T18:05:19,413+0000 [69289 1] com.newrelic INFO: Setting audit_mode to false
2023-11-27T18:05:19,474+0000 [69289 1] com.newrelic.agent.config.ConfigServiceImpl INFO: Configuration file is /home/runner/work/newrelic-java-agent/newrelic-java-agent/newrelic-agent/src/test/resources/com/newrelic/agent/config/newrelic.yml
2023-11-27T18:05:19,475+0000 [69289 1] com.newrelic.agent.config.ConfigServiceImpl WARN: The apdex_t setting is obsolete and is ignored! Set the apdex_t value for an application in New Relic UI
2023-11-27T18:05:19,487+0000 [69289 1] com.newrelic INFO: Using configured collector host: no-collector.example.com
2023-11-27T18:05:19,487+0000 [69289 1] com.newrelic INFO: Using default metric ingest URI: https://metric-api.newrelic.com/metric/v1
2023-11-27T18:05:19,487+0000 [69289 1] com.newrelic INFO: Using default event ingest URI: https://insights-collector.newrelic.com/v1/accounts/events
</pre>
</span>
</div>
</div>
<div id="footer">
<p>
<div>
<label class="hidden" id="label-for-line-wrapping-toggle" for="line-wrapping-toggle">Wrap lines
<input id="line-wrapping-toggle" type="checkbox" autocomplete="off"/>
</label>
</div>Generated by 
<a href="http://www.gradle.org">Gradle 7.5.1</a> at Nov 27, 2023 6:07:38 PM</p>
</div>
</div>
</body>
</html>
