<!DOCTYPE html>
<html>
<head>
<meta http-equiv="Content-Type" content="text/html; charset=utf-8"/>
<meta http-equiv="x-ua-compatible" content="IE=edge"/>
<title>Test results - Class com.newrelic.agent.utilization.DockerDataTest</title>
<link href="../css/base-style.css" rel="stylesheet" type="text/css"/>
<link href="../css/style.css" rel="stylesheet" type="text/css"/>
<script src="../js/report.js" type="text/javascript"></script>
</head>
<body>
<div id="content">
<h1>Class com.newrelic.agent.utilization.DockerDataTest</h1>
<div class="breadcrumbs">
<a href="../index.html">all</a> &gt; 
<a href="../packages/com.newrelic.agent.utilization.html">com.newrelic.agent.utilization</a> &gt; DockerDataTest</div>
<div id="summary">
<table>
<tr>
<td>
<div class="summaryGroup">
<table>
<tr>
<td>
<div class="infoBox" id="tests">
<div class="counter">15</div>
<p>tests</p>
</div>
</td>
<td>
<div class="infoBox" id="failures">
<div class="counter">0</div>
<p>failures</p>
</div>
</td>
<td>
<div class="infoBox" id="ignored">
<div class="counter">0</div>
<p>ignored</p>
</div>
</td>
<td>
<div class="infoBox" id="duration">
<div class="counter">13.979s</div>
<p>duration</p>
</div>
</td>
</tr>
</table>
</div>
</td>
<td>
<div class="infoBox success" id="successRate">
<div class="percent">100%</div>
<p>successful</p>
</div>
</td>
</tr>
</table>
</div>
<div id="tabs">
<ul class="tabLinks">
<li>
<a href="#tab0">Tests</a>
</li>
<li>
<a href="#tab1">Standard output</a>
</li>
<li>
<a href="#tab2">Standard error</a>
</li>
</ul>
<div id="tab0" class="tab">
<h2>Tests</h2>
<table>
<thead>
<tr>
<th>Test</th>
<th>Duration</th>
<th>Result</th>
</tr>
</thead>
<tr>
<td class="success">testCheckLineAndGetIdInValidV1</td>
<td class="success">0.002s</td>
<td class="success">passed</td>
</tr>
<tr>
<td class="success">testCheckLineAndGetIdInValidV2</td>
<td class="success">0s</td>
<td class="success">passed</td>
</tr>
<tr>
<td class="success">testCheckLineAndGetIdValidV1</td>
<td class="success">0.017s</td>
<td class="success">passed</td>
</tr>
<tr>
<td class="success">testCheckLineAndGetIdValidV2</td>
<td class="success">0.001s</td>
<td class="success">passed</td>
</tr>
<tr>
<td class="success">testDockerError</td>
<td class="success">0.219s</td>
<td class="success">passed</td>
</tr>
<tr>
<td class="success">testDockerGCPError</td>
<td class="success">0.277s</td>
<td class="success">passed</td>
</tr>
<tr>
<td class="success">testGetDockerIdFromFilesV1</td>
<td class="success">2.504s</td>
<td class="success">passed</td>
</tr>
<tr>
<td class="success">testGetDockerIdFromFilesV2</td>
<td class="success">0.021s</td>
<td class="success">passed</td>
</tr>
<tr>
<td class="success">testGetDockerIdNotLinux</td>
<td class="success">0s</td>
<td class="success">passed</td>
</tr>
<tr>
<td class="success">testInvalidDockerValue</td>
<td class="success">0s</td>
<td class="success">passed</td>
</tr>
<tr>
<td class="success">testInvalidDockerValueCharacters</td>
<td class="success">0s</td>
<td class="success">passed</td>
</tr>
<tr>
<td class="success">testInvalidDockerValueLength</td>
<td class="success">0.001s</td>
<td class="success">passed</td>
</tr>
<tr>
<td class="success">testInvalidDockerValueNull</td>
<td class="success">0.001s</td>
<td class="success">passed</td>
</tr>
<tr>
<td class="success">testNoDockerError</td>
<td class="success">10.935s</td>
<td class="success">passed</td>
</tr>
<tr>
<td class="success">testValidDockerValue</td>
<td class="success">0.001s</td>
<td class="success">passed</td>
</tr>
</table>
</div>
<div id="tab1" class="tab">
<h2>Standard output</h2>
<span class="code">
<pre>Current test file: /home/runner/work/newrelic-java-agent/newrelic-java-agent/newrelic-agent/build/resources/test/com/newrelic/agent/cross_agent_tests/docker_container_id/ubuntu-14.10-no-container.txt
Current test file: /home/runner/work/newrelic-java-agent/newrelic-java-agent/newrelic-agent/build/resources/test/com/newrelic/agent/cross_agent_tests/docker_container_id/invalid-characters.txt
Current test file: /home/runner/work/newrelic-java-agent/newrelic-java-agent/newrelic-agent/build/resources/test/com/newrelic/agent/cross_agent_tests/docker_container_id/docker-1.0.0.txt
Current test file: /home/runner/work/newrelic-java-agent/newrelic-java-agent/newrelic-agent/build/resources/test/com/newrelic/agent/cross_agent_tests/docker_container_id/no_cpu_subsystem.txt
Current test file: /home/runner/work/newrelic-java-agent/newrelic-java-agent/newrelic-agent/build/resources/test/com/newrelic/agent/cross_agent_tests/docker_container_id/docker-1.3.txt
Current test file: /home/runner/work/newrelic-java-agent/newrelic-java-agent/newrelic-agent/build/resources/test/com/newrelic/agent/cross_agent_tests/docker_container_id/empty.txt
Current test file: /home/runner/work/newrelic-java-agent/newrelic-java-agent/newrelic-agent/build/resources/test/com/newrelic/agent/cross_agent_tests/docker_container_id/docker-1.1.2-lxc-driver.txt
Current test file: /home/runner/work/newrelic-java-agent/newrelic-java-agent/newrelic-agent/build/resources/test/com/newrelic/agent/cross_agent_tests/docker_container_id/docker-gcp.txt
Current test file: /home/runner/work/newrelic-java-agent/newrelic-java-agent/newrelic-agent/build/resources/test/com/newrelic/agent/cross_agent_tests/docker_container_id/docker-custom-prefix.txt
Current test file: /home/runner/work/newrelic-java-agent/newrelic-java-agent/newrelic-agent/build/resources/test/com/newrelic/agent/cross_agent_tests/docker_container_id/docker-0.9.1.txt
Current test file: /home/runner/work/newrelic-java-agent/newrelic-java-agent/newrelic-agent/build/resources/test/com/newrelic/agent/cross_agent_tests/docker_container_id/docker-1.1.2-native-driver-systemd.txt
Current test file: /home/runner/work/newrelic-java-agent/newrelic-java-agent/newrelic-agent/build/resources/test/com/newrelic/agent/cross_agent_tests/docker_container_id/heroku.txt
Current test file: /home/runner/work/newrelic-java-agent/newrelic-java-agent/newrelic-agent/build/resources/test/com/newrelic/agent/cross_agent_tests/docker_container_id/docker-1.1.2-native-driver-fs.txt
Current test file: /home/runner/work/newrelic-java-agent/newrelic-java-agent/newrelic-agent/build/resources/test/com/newrelic/agent/cross_agent_tests/docker_container_id/ubuntu-14.04-lxc-container.txt
Current test file: /home/runner/work/newrelic-java-agent/newrelic-java-agent/newrelic-agent/build/resources/test/com/newrelic/agent/cross_agent_tests/docker_container_id/invalid-length.txt
Current test file: /home/runner/work/newrelic-java-agent/newrelic-java-agent/newrelic-agent/build/resources/test/com/newrelic/agent/cross_agent_tests/docker_container_id/docker-too-long.txt
2023-11-30T12:48:18,097+0000 [72690 1] com.newrelic WARN: Failed to validate Docker value 3ccfa00432798ff38f85839de1e396f771b4acbe9f4ddea0a761c39b9790a7821
Current test file: /home/runner/work/newrelic-java-agent/newrelic-java-agent/newrelic-agent/build/resources/test/com/newrelic/agent/cross_agent_tests/docker_container_id/ubuntu-14.04-no-container.txt
Current test file: /home/runner/work/newrelic-java-agent/newrelic-java-agent/newrelic-agent/build/resources/test/com/newrelic/agent/uncross_agent_tests/cgroup_v2_docker_container_id/docker_id_invalid_characters.txt
Current test file: /home/runner/work/newrelic-java-agent/newrelic-java-agent/newrelic-agent/build/resources/test/com/newrelic/agent/uncross_agent_tests/cgroup_v2_docker_container_id/docker_linux2.6.26_v1_enabled.txt
Current test file: /home/runner/work/newrelic-java-agent/newrelic-java-agent/newrelic-agent/build/resources/test/com/newrelic/agent/uncross_agent_tests/cgroup_v2_docker_container_id/empty.txt
Current test file: /home/runner/work/newrelic-java-agent/newrelic-java-agent/newrelic-agent/build/resources/test/com/newrelic/agent/uncross_agent_tests/cgroup_v2_docker_container_id/docker_id_too_short.txt
Current test file: /home/runner/work/newrelic-java-agent/newrelic-java-agent/newrelic-agent/build/resources/test/com/newrelic/agent/uncross_agent_tests/cgroup_v2_docker_container_id/linux_prefix.txt
Current test file: /home/runner/work/newrelic-java-agent/newrelic-java-agent/newrelic-agent/build/resources/test/com/newrelic/agent/uncross_agent_tests/cgroup_v2_docker_container_id/cgroup_v2_expected.txt
Current test file: /home/runner/work/newrelic-java-agent/newrelic-java-agent/newrelic-agent/build/resources/test/com/newrelic/agent/uncross_agent_tests/cgroup_v2_docker_container_id/docker_id_too_long.txt
2023-11-30T12:48:18,149+0000 [72690 1] com.newrelic WARN: Failed to validate Docker value f37a7e4d17017e7bf994656b19ca4360c6cdc4951c86700a464101d0d9ce97ef6
2023-11-30T12:48:23,804+0000 [72690 1] com.newrelic INFO: Using configured collector host: nope.example.invalid
2023-11-30T12:48:23,807+0000 [72690 1] com.newrelic INFO: Using default metric ingest URI: https://metric-api.newrelic.com/metric/v1
2023-11-30T12:48:23,808+0000 [72690 1] com.newrelic INFO: Using default event ingest URI: https://insights-collector.newrelic.com/v1/accounts/events
2023-11-30T12:48:24,712+0000 [72690 1] com.newrelic.agent.extension.ExtensionService ERROR: Unable to read extensions from the agent jar : java.io.FileNotFoundException: /home/runner/work/newrelic-java-agent/newrelic-java-agent/newrelic-agent/build/classes/java/main (Is a directory)
2023-11-30T12:48:24,792+0000 [72690 1] com.newrelic INFO: Instrumenting exception handler signature test.newrelic.test.agent.ExceptionHandlerTest$ExceptionHandler.handleException2(Ljava/lang/String;Ljava/lang/Throwable;)V
2023-11-30T12:48:24,964+0000 [72690 1] com.newrelic ERROR: No instrumentation packages were found in the agent.
2023-11-30T12:48:25,305+0000 [72690 1] com.newrelic.agent.RPMServiceManagerImpl INFO: Configured to connect to New Relic at nope.example.invalid:80
2023-11-30T12:48:25,797+0000 [72690 1] com.newrelic INFO: Setting audit_mode to false
2023-11-30T12:48:26,160+0000 [72690 1] com.newrelic.agent.config.ConfigServiceImpl INFO: Configuration file is /home/runner/work/newrelic-java-agent/newrelic-java-agent/newrelic-agent/src/test/resources/com/newrelic/agent/config/newrelic.yml
2023-11-30T12:48:26,161+0000 [72690 1] com.newrelic.agent.config.ConfigServiceImpl WARN: The apdex_t setting is obsolete and is ignored! Set the apdex_t value for an application in New Relic UI
2023-11-30T12:48:26,198+0000 [72690 1] com.newrelic INFO: Using configured collector host: no-collector.example.com
2023-11-30T12:48:26,206+0000 [72690 1] com.newrelic INFO: Using default metric ingest URI: https://metric-api.newrelic.com/metric/v1
2023-11-30T12:48:26,206+0000 [72690 1] com.newrelic INFO: Using default event ingest URI: https://insights-collector.newrelic.com/v1/accounts/events
2023-11-30T12:48:27,166+0000 [72690 34] com.newrelic.agent.samplers.SamplerServiceImpl WARN: Unable to sample com.newrelic.agent.samplers.SamplerServiceImpl$1: java.lang.NullPointerException: Cannot invoke &quot;com.newrelic.agent.stats.StatsService.getName()&quot; because &quot;statsService&quot; is null
2023-11-30T12:48:29,152+0000 [72690 1] com.newrelic INFO: Using configured collector host: nope.example.invalid
2023-11-30T12:48:29,164+0000 [72690 1] com.newrelic INFO: Using default metric ingest URI: https://metric-api.newrelic.com/metric/v1
2023-11-30T12:48:29,165+0000 [72690 1] com.newrelic INFO: Using default event ingest URI: https://insights-collector.newrelic.com/v1/accounts/events
2023-11-30T12:48:29,222+0000 [72690 1] com.newrelic.agent.extension.ExtensionService ERROR: Unable to read extensions from the agent jar : java.io.FileNotFoundException: /home/runner/work/newrelic-java-agent/newrelic-java-agent/newrelic-agent/build/classes/java/main (Is a directory)
2023-11-30T12:48:29,226+0000 [72690 1] com.newrelic INFO: Instrumenting exception handler signature test.newrelic.test.agent.ExceptionHandlerTest$ExceptionHandler.handleException2(Ljava/lang/String;Ljava/lang/Throwable;)V
2023-11-30T12:48:29,232+0000 [72690 1] com.newrelic ERROR: No instrumentation packages were found in the agent.
2023-11-30T12:48:29,309+0000 [72690 1] com.newrelic.agent.RPMServiceManagerImpl INFO: Configured to connect to New Relic at nope.example.invalid:80
2023-11-30T12:48:29,311+0000 [72690 1] com.newrelic INFO: Setting audit_mode to false
2023-11-30T12:48:29,345+0000 [72690 1] com.newrelic.agent.config.ConfigServiceImpl INFO: Configuration file is /home/runner/work/newrelic-java-agent/newrelic-java-agent/newrelic-agent/src/test/resources/com/newrelic/agent/config/newrelic.yml
2023-11-30T12:48:29,345+0000 [72690 1] com.newrelic.agent.config.ConfigServiceImpl WARN: The apdex_t setting is obsolete and is ignored! Set the apdex_t value for an application in New Relic UI
2023-11-30T12:48:29,354+0000 [72690 1] com.newrelic INFO: Using configured collector host: no-collector.example.com
2023-11-30T12:48:29,354+0000 [72690 1] com.newrelic INFO: Using default metric ingest URI: https://metric-api.newrelic.com/metric/v1
2023-11-30T12:48:29,354+0000 [72690 1] com.newrelic INFO: Using default event ingest URI: https://insights-collector.newrelic.com/v1/accounts/events
2023-11-30T12:48:29,405+0000 [72690 1] com.newrelic INFO: Using configured collector host: nope.example.invalid
2023-11-30T12:48:29,405+0000 [72690 1] com.newrelic INFO: Using default metric ingest URI: https://metric-api.newrelic.com/metric/v1
2023-11-30T12:48:29,406+0000 [72690 1] com.newrelic INFO: Using default event ingest URI: https://insights-collector.newrelic.com/v1/accounts/events
2023-11-30T12:48:29,447+0000 [72690 1] com.newrelic.agent.extension.ExtensionService ERROR: Unable to read extensions from the agent jar : java.io.FileNotFoundException: /home/runner/work/newrelic-java-agent/newrelic-java-agent/newrelic-agent/build/classes/java/main (Is a directory)
2023-11-30T12:48:29,461+0000 [72690 1] com.newrelic INFO: Instrumenting exception handler signature test.newrelic.test.agent.ExceptionHandlerTest$ExceptionHandler.handleException2(Ljava/lang/String;Ljava/lang/Throwable;)V
2023-11-30T12:48:29,477+0000 [72690 1] com.newrelic ERROR: No instrumentation packages were found in the agent.
2023-11-30T12:48:29,533+0000 [72690 1] com.newrelic.agent.RPMServiceManagerImpl INFO: Configured to connect to New Relic at nope.example.invalid:80
2023-11-30T12:48:29,535+0000 [72690 1] com.newrelic INFO: Setting audit_mode to false
2023-11-30T12:48:29,568+0000 [72690 1] com.newrelic.agent.config.ConfigServiceImpl INFO: Configuration file is /home/runner/work/newrelic-java-agent/newrelic-java-agent/newrelic-agent/src/test/resources/com/newrelic/agent/config/newrelic.yml
2023-11-30T12:48:29,569+0000 [72690 1] com.newrelic.agent.config.ConfigServiceImpl WARN: The apdex_t setting is obsolete and is ignored! Set the apdex_t value for an application in New Relic UI
2023-11-30T12:48:29,572+0000 [72690 1] com.newrelic INFO: Using configured collector host: no-collector.example.com
2023-11-30T12:48:29,572+0000 [72690 1] com.newrelic INFO: Using default metric ingest URI: https://metric-api.newrelic.com/metric/v1
2023-11-30T12:48:29,572+0000 [72690 1] com.newrelic INFO: Using default event ingest URI: https://insights-collector.newrelic.com/v1/accounts/events
</pre>
</span>
</div>
<div id="tab2" class="tab">
<h2>Standard error</h2>
<span class="code">
<pre>WARNING: A Java agent has been loaded dynamically (/home/runner/.gradle/caches/modules-2/files-2.1/net.bytebuddy/byte-buddy-agent/1.12.19/450917cf3b358b691a824acf4c67aa89c826f67e/byte-buddy-agent-1.12.19.jar)
WARNING: If a serviceability tool is in use, please run with -XX:+EnableDynamicAgentLoading to hide this warning
WARNING: If a serviceability tool is not in use, please run with -Djdk.instrument.traceUsage for more information
WARNING: Dynamic loading of agents will be disallowed by default in a future release
</pre>
</span>
</div>
</div>
<div id="footer">
<p>
<div>
<label class="hidden" id="label-for-line-wrapping-toggle" for="line-wrapping-toggle">Wrap lines
<input id="line-wrapping-toggle" type="checkbox" autocomplete="off"/>
</label>
</div>Generated by 
<a href="http://www.gradle.org">Gradle 7.5.1</a> at Nov 30, 2023 12:49:54 PM</p>
</div>
</div>
</body>
</html>
