<!DOCTYPE html>
<html>
<head>
<meta http-equiv="Content-Type" content="text/html; charset=utf-8"/>
<meta http-equiv="x-ua-compatible" content="IE=edge"/>
<title>Test results - Class com.newrelic.agent.profile.v2.ProfileSessionTest</title>
<link href="../css/base-style.css" rel="stylesheet" type="text/css"/>
<link href="../css/style.css" rel="stylesheet" type="text/css"/>
<script src="../js/report.js" type="text/javascript"></script>
</head>
<body>
<div id="content">
<h1>Class com.newrelic.agent.profile.v2.ProfileSessionTest</h1>
<div class="breadcrumbs">
<a href="../index.html">all</a> &gt; 
<a href="../packages/com.newrelic.agent.profile.v2.html">com.newrelic.agent.profile.v2</a> &gt; ProfileSessionTest</div>
<div id="summary">
<table>
<tr>
<td>
<div class="summaryGroup">
<table>
<tr>
<td>
<div class="infoBox" id="tests">
<div class="counter">3</div>
<p>tests</p>
</div>
</td>
<td>
<div class="infoBox" id="failures">
<div class="counter">1</div>
<p>failures</p>
</div>
</td>
<td>
<div class="infoBox" id="ignored">
<div class="counter">0</div>
<p>ignored</p>
</div>
</td>
<td>
<div class="infoBox" id="duration">
<div class="counter">11.221s</div>
<p>duration</p>
</div>
</td>
</tr>
</table>
</div>
</td>
<td>
<div class="infoBox failures" id="successRate">
<div class="percent">66%</div>
<p>successful</p>
</div>
</td>
</tr>
</table>
</div>
<div id="tabs">
<ul class="tabLinks">
<li>
<a href="#tab0">Failed tests</a>
</li>
<li>
<a href="#tab1">Tests</a>
</li>
<li>
<a href="#tab2">Standard output</a>
</li>
</ul>
<div id="tab0" class="tab">
<h2>Failed tests</h2>
<div class="test">
<a name="test_multiStopBeforeDone"></a>
<h3 class="failures">test_multiStopBeforeDone</h3>
<span class="code">
<pre>org.mockito.exceptions.misusing.WrongTypeOfReturnValue: 
Boolean cannot be returned by getInstrumentation()
getInstrumentation() should return InstrumentationProxy
***
If you're unsure why you're getting above error read on.
Due to the nature of the syntax above problem might occur because:
1. This exception *might* occur in wrongly written multi-threaded tests.
   Please refer to Mockito FAQ on limitations of concurrency testing.
2. A spy is stubbed using when(spy.foo()).then() syntax. It is safer to stub spies - 
   - with doReturn|Throw() family of methods. More in javadocs for Mockito.spy() method.

	at com.newrelic.agent.MockServiceManager.&lt;init&gt;(MockServiceManager.java:121)
	at com.newrelic.agent.MockServiceManager.&lt;init&gt;(MockServiceManager.java:101)
	at com.newrelic.agent.profile.v2.ProfileSessionTest.setup(ProfileSessionTest.java:61)
	at com.newrelic.agent.profile.v2.ProfileSessionTest.test_multiStopBeforeDone(ProfileSessionTest.java:45)
	at jdk.internal.reflect.NativeMethodAccessorImpl.invoke0(Native Method)
	at jdk.internal.reflect.NativeMethodAccessorImpl.invoke(NativeMethodAccessorImpl.java:77)
	at jdk.internal.reflect.DelegatingMethodAccessorImpl.invoke(DelegatingMethodAccessorImpl.java:43)
	at java.lang.reflect.Method.invoke(Method.java:568)
	at org.junit.runners.model.FrameworkMethod$1.runReflectiveCall(FrameworkMethod.java:50)
	at org.junit.internal.runners.model.ReflectiveCallable.run(ReflectiveCallable.java:12)
	at org.junit.runners.model.FrameworkMethod.invokeExplosively(FrameworkMethod.java:47)
	at org.junit.internal.runners.statements.InvokeMethod.evaluate(InvokeMethod.java:17)
	at org.junit.runners.ParentRunner.runLeaf(ParentRunner.java:325)
	at org.junit.runners.BlockJUnit4ClassRunner.runChild(BlockJUnit4ClassRunner.java:78)
	at org.junit.runners.BlockJUnit4ClassRunner.runChild(BlockJUnit4ClassRunner.java:57)
	at org.junit.runners.ParentRunner$3.run(ParentRunner.java:290)
	at org.junit.runners.ParentRunner$1.schedule(ParentRunner.java:71)
	at org.junit.runners.ParentRunner.runChildren(ParentRunner.java:288)
	at org.junit.runners.ParentRunner.access$000(ParentRunner.java:58)
	at org.junit.runners.ParentRunner$2.evaluate(ParentRunner.java:268)
	at org.junit.runners.ParentRunner.run(ParentRunner.java:363)
	at org.gradle.api.internal.tasks.testing.junit.JUnitTestClassExecutor.runTestClass(JUnitTestClassExecutor.java:110)
	at org.gradle.api.internal.tasks.testing.junit.JUnitTestClassExecutor.execute(JUnitTestClassExecutor.java:58)
	at org.gradle.api.internal.tasks.testing.junit.JUnitTestClassExecutor.execute(JUnitTestClassExecutor.java:38)
	at org.gradle.api.internal.tasks.testing.junit.AbstractJUnitTestClassProcessor.processTestClass(AbstractJUnitTestClassProcessor.java:62)
	at org.gradle.api.internal.tasks.testing.SuiteTestClassProcessor.processTestClass(SuiteTestClassProcessor.java:51)
	at jdk.internal.reflect.NativeMethodAccessorImpl.invoke0(Native Method)
	at jdk.internal.reflect.NativeMethodAccessorImpl.invoke(NativeMethodAccessorImpl.java:77)
	at jdk.internal.reflect.DelegatingMethodAccessorImpl.invoke(DelegatingMethodAccessorImpl.java:43)
	at java.lang.reflect.Method.invoke(Method.java:568)
	at org.gradle.internal.dispatch.ReflectionDispatch.dispatch(ReflectionDispatch.java:36)
	at org.gradle.internal.dispatch.ReflectionDispatch.dispatch(ReflectionDispatch.java:24)
	at org.gradle.internal.dispatch.ContextClassLoaderDispatch.dispatch(ContextClassLoaderDispatch.java:33)
	at org.gradle.internal.dispatch.ProxyDispatchAdapter$DispatchingInvocationHandler.invoke(ProxyDispatchAdapter.java:94)
	at jdk.proxy2.$Proxy5.processTestClass(Unknown Source)
	at org.gradle.api.internal.tasks.testing.worker.TestWorker$2.run(TestWorker.java:176)
	at org.gradle.api.internal.tasks.testing.worker.TestWorker.executeAndMaintainThreadName(TestWorker.java:129)
	at org.gradle.api.internal.tasks.testing.worker.TestWorker.execute(TestWorker.java:100)
	at org.gradle.api.internal.tasks.testing.worker.TestWorker.execute(TestWorker.java:60)
	at org.gradle.process.internal.worker.child.ActionExecutionWorker.execute(ActionExecutionWorker.java:56)
	at org.gradle.process.internal.worker.child.SystemApplicationClassLoaderWorker.call(SystemApplicationClassLoaderWorker.java:133)
	at org.gradle.process.internal.worker.child.SystemApplicationClassLoaderWorker.call(SystemApplicationClassLoaderWorker.java:71)
	at worker.org.gradle.process.internal.worker.GradleWorkerMain.run(GradleWorkerMain.java:69)
	at worker.org.gradle.process.internal.worker.GradleWorkerMain.main(GradleWorkerMain.java:74)
</pre>
</span>
</div>
</div>
<div id="tab1" class="tab">
<h2>Tests</h2>
<table>
<thead>
<tr>
<th>Test</th>
<th>Duration</th>
<th>Result</th>
</tr>
</thead>
<tr>
<td class="success">test_multiSample</td>
<td class="success">11.010s</td>
<td class="success">passed</td>
</tr>
<tr>
<td class="failures">test_multiStopBeforeDone</td>
<td class="failures">0.120s</td>
<td class="failures">failed</td>
</tr>
<tr>
<td class="success">test_singleSample</td>
<td class="success">0.091s</td>
<td class="success">passed</td>
</tr>
</table>
</div>
<div id="tab2" class="tab">
<h2>Standard output</h2>
<span class="code">
<pre>2023-11-28T03:10:04,614+0000 [66294 1] com.newrelic INFO: Using configured collector host: no-collector.example.com
2023-11-28T03:10:04,644+0000 [66294 1] com.newrelic INFO: Using default metric ingest URI: https://metric-api.newrelic.com/metric/v1
2023-11-28T03:10:04,648+0000 [66294 1] com.newrelic INFO: Using default event ingest URI: https://insights-collector.newrelic.com/v1/accounts/events
2023-11-28T03:10:13,385+0000 [66294 1] com.newrelic.agent.profile.v2.ProfilerService INFO: Starting profiling session. Duration: 500 ms, sample period: 50 ms
2023-11-28T03:10:13,440+0000 [66294 22] com.newrelic.agent.profile.v2.ProfilerService ERROR: An error occurred collecting a thread sample: java.lang.NullPointerException: Cannot invoke &quot;com.newrelic.agent.threads.ThreadNameNormalizer.getNormalizedThreadName(com.newrelic.agent.threads.BasicThreadInfo)&quot; because &quot;this.threadNameNormalizer&quot; is null
2023-11-28T03:10:13,493+0000 [66294 22] com.newrelic.agent.profile.v2.ProfilerService ERROR: An error occurred collecting a thread sample: java.lang.NullPointerException: Cannot invoke &quot;com.newrelic.agent.threads.ThreadNameNormalizer.getNormalizedThreadName(com.newrelic.agent.threads.BasicThreadInfo)&quot; because &quot;this.threadNameNormalizer&quot; is null
2023-11-28T03:10:13,545+0000 [66294 22] com.newrelic.agent.profile.v2.ProfilerService ERROR: An error occurred collecting a thread sample: java.lang.NullPointerException: Cannot invoke &quot;com.newrelic.agent.threads.ThreadNameNormalizer.getNormalizedThreadName(com.newrelic.agent.threads.BasicThreadInfo)&quot; because &quot;this.threadNameNormalizer&quot; is null
2023-11-28T03:10:13,597+0000 [66294 22] com.newrelic.agent.profile.v2.ProfilerService ERROR: An error occurred collecting a thread sample: java.lang.NullPointerException: Cannot invoke &quot;com.newrelic.agent.threads.ThreadNameNormalizer.getNormalizedThreadName(com.newrelic.agent.threads.BasicThreadInfo)&quot; because &quot;this.threadNameNormalizer&quot; is null
2023-11-28T03:10:13,649+0000 [66294 22] com.newrelic.agent.profile.v2.ProfilerService ERROR: An error occurred collecting a thread sample: java.lang.NullPointerException: Cannot invoke &quot;com.newrelic.agent.threads.ThreadNameNormalizer.getNormalizedThreadName(com.newrelic.agent.threads.BasicThreadInfo)&quot; because &quot;this.threadNameNormalizer&quot; is null
2023-11-28T03:10:13,701+0000 [66294 22] com.newrelic.agent.profile.v2.ProfilerService ERROR: An error occurred collecting a thread sample: java.lang.NullPointerException: Cannot invoke &quot;com.newrelic.agent.threads.ThreadNameNormalizer.getNormalizedThreadName(com.newrelic.agent.threads.BasicThreadInfo)&quot; because &quot;this.threadNameNormalizer&quot; is null
2023-11-28T03:10:13,753+0000 [66294 22] com.newrelic.agent.profile.v2.ProfilerService ERROR: An error occurred collecting a thread sample: java.lang.NullPointerException: Cannot invoke &quot;com.newrelic.agent.threads.ThreadNameNormalizer.getNormalizedThreadName(com.newrelic.agent.threads.BasicThreadInfo)&quot; because &quot;this.threadNameNormalizer&quot; is null
2023-11-28T03:10:13,805+0000 [66294 22] com.newrelic.agent.profile.v2.ProfilerService ERROR: An error occurred collecting a thread sample: java.lang.NullPointerException: Cannot invoke &quot;com.newrelic.agent.threads.ThreadNameNormalizer.getNormalizedThreadName(com.newrelic.agent.threads.BasicThreadInfo)&quot; because &quot;this.threadNameNormalizer&quot; is null
2023-11-28T03:10:13,857+0000 [66294 22] com.newrelic.agent.profile.v2.ProfilerService ERROR: An error occurred collecting a thread sample: java.lang.NullPointerException: Cannot invoke &quot;com.newrelic.agent.threads.ThreadNameNormalizer.getNormalizedThreadName(com.newrelic.agent.threads.BasicThreadInfo)&quot; because &quot;this.threadNameNormalizer&quot; is null
2023-11-28T03:10:13,909+0000 [66294 22] com.newrelic.agent.profile.v2.ProfilerService ERROR: An error occurred collecting a thread sample: java.lang.NullPointerException: Cannot invoke &quot;com.newrelic.agent.threads.ThreadNameNormalizer.getNormalizedThreadName(com.newrelic.agent.threads.BasicThreadInfo)&quot; because &quot;this.threadNameNormalizer&quot; is null
2023-11-28T03:10:13,916+0000 [66294 1] com.newrelic INFO: Using configured collector host: no-collector.example.com
2023-11-28T03:10:13,916+0000 [66294 1] com.newrelic INFO: Using default metric ingest URI: https://metric-api.newrelic.com/metric/v1
2023-11-28T03:10:13,916+0000 [66294 1] com.newrelic INFO: Using default event ingest URI: https://insights-collector.newrelic.com/v1/accounts/events
2023-11-28T03:10:13,931+0000 [66294 22] com.newrelic INFO: Profile size is 0 stack elements
2023-11-28T03:10:13,944+0000 [66294 22] com.newrelic.agent.profile.v2.ProfilerService INFO: Profiler finished with 10 samples
2023-11-28T03:10:13,956+0000 [66294 22] com.newrelic.agent.profile.v2.ProfilerService ERROR: Unable to send profile data: java.lang.NullPointerException: Cannot invoke &quot;com.newrelic.agent.IRPMService.sendProfileData(java.util.List)&quot; because the return value of &quot;com.newrelic.agent.service.ServiceFactory.getRPMService()&quot; is null
2023-11-28T03:10:13,995+0000 [66294 1] com.newrelic.agent.profile.v2.ProfilerService INFO: Starting single sample profiling session
2023-11-28T03:10:14,004+0000 [66294 24] com.newrelic.agent.profile.v2.ProfilerService ERROR: An error occurred collecting a thread sample: java.lang.NullPointerException: Cannot invoke &quot;com.newrelic.agent.threads.ThreadNameNormalizer.getNormalizedThreadName(com.newrelic.agent.threads.BasicThreadInfo)&quot; because &quot;this.threadNameNormalizer&quot; is null
2023-11-28T03:10:14,007+0000 [66294 1] com.newrelic INFO: Using configured collector host: no-collector.example.com
2023-11-28T03:10:14,007+0000 [66294 1] com.newrelic INFO: Using default metric ingest URI: https://metric-api.newrelic.com/metric/v1
2023-11-28T03:10:14,007+0000 [66294 1] com.newrelic INFO: Using default event ingest URI: https://insights-collector.newrelic.com/v1/accounts/events
2023-11-28T03:10:14,031+0000 [66294 24] com.newrelic INFO: Profile size is 0 stack elements
2023-11-28T03:10:14,032+0000 [66294 24] com.newrelic.agent.profile.v2.ProfilerService INFO: Profiler finished with 1 samples
2023-11-28T03:10:14,036+0000 [66294 24] com.newrelic.agent.profile.v2.ProfilerService ERROR: Unable to send profile data: java.lang.NullPointerException: Cannot invoke &quot;com.newrelic.agent.IRPMService.sendProfileData(java.util.List)&quot; because the return value of &quot;com.newrelic.agent.service.ServiceFactory.getRPMService()&quot; is null
</pre>
</span>
</div>
</div>
<div id="footer">
<p>
<div>
<label class="hidden" id="label-for-line-wrapping-toggle" for="line-wrapping-toggle">Wrap lines
<input id="line-wrapping-toggle" type="checkbox" autocomplete="off"/>
</label>
</div>Generated by 
<a href="http://www.gradle.org">Gradle 7.5.1</a> at Nov 28, 2023 3:19:02 AM</p>
</div>
</div>
</body>
</html>
