<!DOCTYPE html>
<html>
<head>
<meta http-equiv="Content-Type" content="text/html; charset=utf-8"/>
<meta http-equiv="x-ua-compatible" content="IE=edge"/>
<title>Test results - Class com.newrelic.agent.SegmentTest</title>
<link href="../css/base-style.css" rel="stylesheet" type="text/css"/>
<link href="../css/style.css" rel="stylesheet" type="text/css"/>
<script src="../js/report.js" type="text/javascript"></script>
</head>
<body>
<div id="content">
<h1>Class com.newrelic.agent.SegmentTest</h1>
<div class="breadcrumbs">
<a href="../index.html">all</a> &gt; 
<a href="../packages/com.newrelic.agent.html">com.newrelic.agent</a> &gt; SegmentTest</div>
<div id="summary">
<table>
<tr>
<td>
<div class="summaryGroup">
<table>
<tr>
<td>
<div class="infoBox" id="tests">
<div class="counter">27</div>
<p>tests</p>
</div>
</td>
<td>
<div class="infoBox" id="failures">
<div class="counter">0</div>
<p>failures</p>
</div>
</td>
<td>
<div class="infoBox" id="ignored">
<div class="counter">0</div>
<p>ignored</p>
</div>
</td>
<td>
<div class="infoBox" id="duration">
<div class="counter">16.798s</div>
<p>duration</p>
</div>
</td>
</tr>
</table>
</div>
</td>
<td>
<div class="infoBox success" id="successRate">
<div class="percent">100%</div>
<p>successful</p>
</div>
</td>
</tr>
</table>
</div>
<div id="tabs">
<ul class="tabLinks">
<li>
<a href="#tab0">Tests</a>
</li>
<li>
<a href="#tab1">Standard output</a>
</li>
</ul>
<div id="tab0" class="tab">
<h2>Tests</h2>
<table>
<thead>
<tr>
<th>Test</th>
<th>Duration</th>
<th>Result</th>
</tr>
</thead>
<tr>
<td class="success">confirmTxnGc</td>
<td class="success">0.081s</td>
<td class="success">passed</td>
</tr>
<tr>
<td class="success">testAsync</td>
<td class="success">0.013s</td>
<td class="success">passed</td>
</tr>
<tr>
<td class="success">testAsyncContextAttributeEndSameThread</td>
<td class="success">0.316s</td>
<td class="success">passed</td>
</tr>
<tr>
<td class="success">testAsyncNamedTracedActivity</td>
<td class="success">0.019s</td>
<td class="success">passed</td>
</tr>
<tr>
<td class="success">testAsyncSegmentWithTimeout</td>
<td class="success">7.008s</td>
<td class="success">passed</td>
</tr>
<tr>
<td class="success">testAsyncWithTimeout</td>
<td class="success">3.514s</td>
<td class="success">passed</td>
</tr>
<tr>
<td class="success">testAsyncWithoutTimeout</td>
<td class="success">0.004s</td>
<td class="success">passed</td>
</tr>
<tr>
<td class="success">testCorrectParenting</td>
<td class="success">0.005s</td>
<td class="success">passed</td>
</tr>
<tr>
<td class="success">testDefaultTracedActivityName</td>
<td class="success">0.011s</td>
<td class="success">passed</td>
</tr>
<tr>
<td class="success">testEndSameThread</td>
<td class="success">0.027s</td>
<td class="success">passed</td>
</tr>
<tr>
<td class="success">testExclusiveTime</td>
<td class="success">0.018s</td>
<td class="success">passed</td>
</tr>
<tr>
<td class="success">testExclusiveTimeAsync</td>
<td class="success">0.076s</td>
<td class="success">passed</td>
</tr>
<tr>
<td class="success">testIgnore</td>
<td class="success">0.010s</td>
<td class="success">passed</td>
</tr>
<tr>
<td class="success">testIgnoreAsync</td>
<td class="success">0.025s</td>
<td class="success">passed</td>
</tr>
<tr>
<td class="success">testIgnoreTransaction</td>
<td class="success">0.004s</td>
<td class="success">passed</td>
</tr>
<tr>
<td class="success">testMetricMigration</td>
<td class="success">0.018s</td>
<td class="success">passed</td>
</tr>
<tr>
<td class="success">testMetricMigrationAsync</td>
<td class="success">0.030s</td>
<td class="success">passed</td>
</tr>
<tr>
<td class="success">testPsuedoAsync1</td>
<td class="success">0.047s</td>
<td class="success">passed</td>
</tr>
<tr>
<td class="success">testPsuedoAsync2</td>
<td class="success">0.075s</td>
<td class="success">passed</td>
</tr>
<tr>
<td class="success">testSameThreadSegmentTracerAttributes</td>
<td class="success">0.003s</td>
<td class="success">passed</td>
</tr>
<tr>
<td class="success">testSegmentAddCustomAttributeAsync</td>
<td class="success">0.037s</td>
<td class="success">passed</td>
</tr>
<tr>
<td class="success">testSegmentAddCustomAttributeSync</td>
<td class="success">0.004s</td>
<td class="success">passed</td>
</tr>
<tr>
<td class="success">testSegmentTracerAttributes</td>
<td class="success">0.016s</td>
<td class="success">passed</td>
</tr>
<tr>
<td class="success">testSpanParenting</td>
<td class="success">0.104s</td>
<td class="success">passed</td>
</tr>
<tr>
<td class="success">testSyncNamedTracedActivity</td>
<td class="success">0.005s</td>
<td class="success">passed</td>
</tr>
<tr>
<td class="success">testTracedActivityHoldsTransactionOpen</td>
<td class="success">0.011s</td>
<td class="success">passed</td>
</tr>
<tr>
<td class="success">testTxnAttrSegmentTimeout</td>
<td class="success">5.317s</td>
<td class="success">passed</td>
</tr>
</table>
</div>
<div id="tab1" class="tab">
<h2>Standard output</h2>
<span class="code">
<pre>2023-06-14T03:00:10,013+0000 [33004 1] com.newrelic INFO: Using default collector host: collector.newrelic.com
2023-06-14T03:00:10,056+0000 [33004 1] com.newrelic INFO: Using default metric ingest URI: https://metric-api.newrelic.com/metric/v1
2023-06-14T03:00:10,059+0000 [33004 1] com.newrelic INFO: Using default event ingest URI: https://insights-collector.newrelic.com/v1/accounts/events
2023-06-14T03:00:10,224+0000 [33004 1] com.newrelic INFO: The property traced_activity_timeout is deprecated. Change to segment_timeout
2023-06-14T03:00:15,861+0000 [33004 1] com.newrelic INFO: Using default collector host: collector.newrelic.com
2023-06-14T03:00:15,862+0000 [33004 1] com.newrelic INFO: Using default metric ingest URI: https://metric-api.newrelic.com/metric/v1
2023-06-14T03:00:15,862+0000 [33004 1] com.newrelic INFO: Using default event ingest URI: https://insights-collector.newrelic.com/v1/accounts/events
2023-06-14T03:00:15,985+0000 [33004 1] com.newrelic.agent.extension.ExtensionService ERROR: Unable to read extensions from the agent jar : java.io.FileNotFoundException: /home/runner/work/newrelic-java-agent/newrelic-java-agent/newrelic-agent/build/classes/java/main (Is a directory)
2023-06-14T03:00:19,697+0000 [33004 1] com.newrelic INFO: Segment timed out after 3 seconds. The &quot;segment_timeout&quot; configuration parameter can be used to adjust this timeout. The affected transaction name is &quot;BAR/BAZ&quot;.

2023-06-14T03:00:25,800+0000 [33004 19] com.newrelic INFO: Segment timed out after 3 seconds. The &quot;segment_timeout&quot; configuration parameter can be used to adjust this timeout. The affected transaction name is &quot;timeout&quot;.

2023-06-14T03:00:25,808+0000 [33004 19] com.newrelic.agent.TransactionService WARN: Error recording transaction &quot;OtherTransaction/SegmentTimeout/timeout&quot;
java.lang.NullPointerException: Cannot invoke &quot;java.util.Queue.remove(Object)&quot; because &quot;this.runningTransactions&quot; is null
	at com.newrelic.agent.SegmentTest.dispatcherTransactionFinished(SegmentTest.java:1000) ~[test/:?]
	at com.newrelic.agent.TransactionService.doProcessTransaction(TransactionService.java:150) ~[main/:?]
	at com.newrelic.agent.TransactionService.transactionFinished(TransactionService.java:103) ~[main/:?]
	at com.newrelic.agent.Transaction.finishTransaction(Transaction.java:1117) ~[main/:?]
	at com.newrelic.agent.Transaction.checkFinishTransaction(Transaction.java:2429) ~[main/:?]
	at com.newrelic.agent.Transaction.checkFinishTransaction(Transaction.java:2415) ~[main/:?]
	at com.newrelic.agent.Transaction.activityFinished(Transaction.java:2514) ~[main/:?]
	at com.newrelic.agent.TransactionActivity.finished(TransactionActivity.java:420) ~[main/:?]
	at com.newrelic.agent.TransactionActivity.tracerFinished(TransactionActivity.java:369) ~[main/:?]
	at com.newrelic.agent.tracers.DefaultTracer.performFinishWork(DefaultTracer.java:312) ~[main/:?]
	at com.newrelic.agent.tracers.DefaultTracer.finish(DefaultTracer.java:236) ~[main/:?]
	at com.newrelic.agent.Transaction.finishTracer(Transaction.java:2371) ~[main/:?]
	at com.newrelic.agent.Transaction.finishSegment(Transaction.java:2366) ~[main/:?]
	at com.newrelic.agent.Segment$1.run(Segment.java:202) ~[main/:?]
	at com.newrelic.agent.ExpirationService.expireSegmentInline(ExpirationService.java:47) ~[main/:?]
	at com.newrelic.agent.Segment.finish(Segment.java:214) ~[main/:?]
	at com.newrelic.agent.Segment.end(Segment.java:144) ~[main/:?]
	at com.newrelic.agent.Transaction.checkExpireTracedActivities(Transaction.java:2462) ~[main/:?]
	at com.newrelic.agent.Transaction.cleanUp(Transaction.java:1231) ~[main/:?]
	at com.newrelic.agent.TransactionService.processQueue(TransactionService.java:76) ~[main/:?]
	at com.newrelic.agent.TransactionService.lambda$new$0(TransactionService.java:66) ~[main/:?]
	at java.util.concurrent.Executors$RunnableAdapter.call(Executors.java:539) [?:?]
	at java.util.concurrent.FutureTask.runAndReset(FutureTask.java:305) [?:?]
	at java.util.concurrent.ScheduledThreadPoolExecutor$ScheduledFutureTask.run(ScheduledThreadPoolExecutor.java:305) [?:?]
	at java.util.concurrent.ThreadPoolExecutor.runWorker(ThreadPoolExecutor.java:1136) [?:?]
	at java.util.concurrent.ThreadPoolExecutor$Worker.run(ThreadPoolExecutor.java:635) [?:?]
	at java.lang.Thread.run(Thread.java:833) [?:?]
2023-06-14T03:00:28,846+0000 [33004 25] com.newrelic INFO: Segment timed out after 3 seconds. The &quot;segment_timeout&quot; configuration parameter can be used to adjust this timeout. The affected transaction name is &quot;BAR/BAZ&quot;.

</pre>
</span>
</div>
</div>
<div id="footer">
<p>
<div>
<label class="hidden" id="label-for-line-wrapping-toggle" for="line-wrapping-toggle">Wrap lines
<input id="line-wrapping-toggle" type="checkbox" autocomplete="off"/>
</label>
</div>Generated by 
<a href="http://www.gradle.org">Gradle 7.5.1</a> at Jun 14, 2023 3:23:51 AM</p>
</div>
</div>
</body>
</html>
